-------------------------------------------------------------------------------
Test set: Search and Place the order for Products
-------------------------------------------------------------------------------
Tests run: 2, Failures: 1, Errors: 0, Skipped: 0, Time elapsed: 41.447 s <<< FAILURE! - in Search and Place the order for Products
Search Experience for product search in both home and Offers page #2(Search and Place the order for Products)  Time elapsed: 12.536 s  <<< FAILURE!
org.junit.ComparisonFailure: expected:<[No data]> but was:<[Beetroot]>

