<?xml version="1.0" encoding="UTF-8"?>
<!-- Generated by org.testng.reporters.JUnitReportReporter -->
<testsuite skipped="0" hostname="AQMIT-DSK-10159" name="cucumberOptions.TestNGTestRunner" tests="3" failures="1" timestamp="29 Mar 2022 12:39:16 GMT" time="104.147" errors="0">
  <testcase name="runScenario" time="31.232" classname="cucumberOptions.TestNGTestRunner"/>
  <testcase name="runScenario" time="36.451" classname="cucumberOptions.TestNGTestRunner">
    <failure type="java.lang.AssertionError" message="expected [Beetroot] but found [No data]">
      <![CDATA[java.lang.AssertionError: expected [Beetroot] but found [No data]
	at org.testng.Assert.fail(Assert.java:93)
	at org.testng.Assert.failNotEquals(Assert.java:512)
	at org.testng.Assert.assertEqualsImpl(Assert.java:134)
	at org.testng.Assert.assertEquals(Assert.java:115)
	at org.testng.Assert.assertEquals(Assert.java:189)
	at org.testng.Assert.assertEquals(Assert.java:199)
	at stepDefinitions.OfferPageStepDefinition.validate_product_name_in_Offers_page(OfferPageStepDefinition.java:39)
	at ✽.Validate product name in offers page matches with Landing Page(file:///D:/CucumberPractise/Cucumber/src/test/java/features/searchProduct.feature:8)
]]>
    </failure>
  </testcase> <!-- runScenario -->
  <testcase name="runScenario" time="36.464" classname="cucumberOptions.TestNGTestRunner"/>
</testsuite> <!-- cucumberOptions.TestNGTestRunner -->
